2023-07-25 13:07:595 INFO  GearPage :44 - Mouse hover on Over women menu : [[ChromeDriver: chrome on windows (578550dc8b7c203e30a6a493ee2d3fdd)] -> xpath: //span[normalize-space()='Women']]
2023-07-25 13:07:804 INFO  GearPage :50 - Mouse hover on Over women tops : [[ChromeDriver: chrome on windows (578550dc8b7c203e30a6a493ee2d3fdd)] -> xpath: //a[@id='ui-id-9']//span[contains(text(),'Tops')]]
2023-07-25 13:07:978 INFO  GearPage :56 - Mouse hover on Over women jackets and click : [[ChromeDriver: chrome on windows (578550dc8b7c203e30a6a493ee2d3fdd)] -> xpath: //a[@id='ui-id-11']//span[contains(text(),'Jackets')]]
2023-07-25 13:07:464 INFO  WomenPage :65 - Select sort by product name : [[ChromeDriver: chrome on windows (578550dc8b7c203e30a6a493ee2d3fdd)] -> xpath: (//select[@id='sorter'])[1]]
2023-07-25 13:07:949 INFO  GearPage :81 - Mouse hover on Over gear Menu : [[ChromeDriver: chrome on windows (89cc02dcac61a4b7aa3355ad302bd37c)] -> xpath: //span[normalize-space()='Gear']]
2023-07-25 13:07:169 INFO  GearPage :87 - Mouse hover on Over gear and click : [[ChromeDriver: chrome on windows (89cc02dcac61a4b7aa3355ad302bd37c)] -> xpath: //span[normalize-space()='Gear']]
2023-07-25 13:07:177 INFO  GearPage :23 - Click on Over night duffele : [[ChromeDriver: chrome on windows (89cc02dcac61a4b7aa3355ad302bd37c)] -> xpath: //a[normalize-space()='Overnight Duffle']]
2023-07-25 13:07:82 INFO  OvernightDufflePage :62 - Get added to cart message : [[ChromeDriver: chrome on windows (89cc02dcac61a4b7aa3355ad302bd37c)] -> xpath: //span[@class='base']]
2023-07-25 13:07:154 INFO  OvernightDufflePage :50 - Sent quantity to quantity box : [[ChromeDriver: chrome on windows (89cc02dcac61a4b7aa3355ad302bd37c)] -> xpath: //input[@id='qty']]
2023-07-25 13:07:279 INFO  OvernightDufflePage :56 - Click on add to cart : [[ChromeDriver: chrome on windows (89cc02dcac61a4b7aa3355ad302bd37c)] -> xpath: //button[@id='product-addtocart-button']]
2023-07-25 13:07:366 INFO  OvernightDufflePage :62 - Get added to cart message : [[ChromeDriver: chrome on windows (89cc02dcac61a4b7aa3355ad302bd37c)] -> xpath: //span[@class='base']]
2023-07-25 13:07:238 INFO  GearPage :44 - Mouse hover on Over women menu : [[ChromeDriver: chrome on windows (093c1c539171a90e156eb083f99a7445)] -> xpath: //span[normalize-space()='Women']]
2023-07-25 13:07:429 INFO  GearPage :50 - Mouse hover on Over women tops : [[ChromeDriver: chrome on windows (093c1c539171a90e156eb083f99a7445)] -> xpath: //a[@id='ui-id-9']//span[contains(text(),'Tops')]]
2023-07-25 13:07:604 INFO  GearPage :56 - Mouse hover on Over women jackets and click : [[ChromeDriver: chrome on windows (093c1c539171a90e156eb083f99a7445)] -> xpath: //a[@id='ui-id-11']//span[contains(text(),'Jackets')]]
2023-07-25 13:07:835 INFO  WomenPage :65 - Select sort by product name : [[ChromeDriver: chrome on windows (093c1c539171a90e156eb083f99a7445)] -> xpath: (//select[@id='sorter'])[1]]
2023-07-25 13:07:636 INFO  GearPage :44 - Mouse hover on Over women menu : [[ChromeDriver: chrome on windows (fc77d84e52cda3cae0396010f6583ba6)] -> xpath: //span[normalize-space()='Women']]
2023-07-25 13:07:832 INFO  GearPage :50 - Mouse hover on Over women tops : [[ChromeDriver: chrome on windows (fc77d84e52cda3cae0396010f6583ba6)] -> xpath: //a[@id='ui-id-9']//span[contains(text(),'Tops')]]
2023-07-25 13:07:01 INFO  GearPage :56 - Mouse hover on Over women jackets and click : [[ChromeDriver: chrome on windows (fc77d84e52cda3cae0396010f6583ba6)] -> xpath: //a[@id='ui-id-11']//span[contains(text(),'Jackets')]]
2023-07-25 13:07:107 INFO  WomenPage :48 - Click on find jobs button[[ChromeDriver: chrome on windows (fc77d84e52cda3cae0396010f6583ba6)] -> xpath: (//select[@id='sorter'])[1]]
2023-07-25 13:07:363 INFO  WomenPage :96 - Select sort by product price : [[ChromeDriver: chrome on windows (fc77d84e52cda3cae0396010f6583ba6)] -> xpath: (//select[@id='sorter'])[1]]
2023-07-25 13:07:544 INFO  GearPage :81 - Mouse hover on Over gear Menu : [[ChromeDriver: chrome on windows (586afcd8e33a21eb2e0013d2e0709507)] -> xpath: //span[normalize-space()='Gear']]
2023-07-25 13:07:713 INFO  GearPage :87 - Mouse hover on Over gear and click : [[ChromeDriver: chrome on windows (586afcd8e33a21eb2e0013d2e0709507)] -> xpath: //span[normalize-space()='Gear']]
2023-07-25 13:07:738 INFO  GearPage :23 - Click on Over night duffele : [[ChromeDriver: chrome on windows (586afcd8e33a21eb2e0013d2e0709507)] -> xpath: //a[normalize-space()='Overnight Duffle']]
2023-07-25 13:07:803 INFO  OvernightDufflePage :62 - Get added to cart message : [[ChromeDriver: chrome on windows (586afcd8e33a21eb2e0013d2e0709507)] -> xpath: //span[@class='base']]
2023-07-25 13:07:879 INFO  OvernightDufflePage :50 - Sent quantity to quantity box : [[ChromeDriver: chrome on windows (586afcd8e33a21eb2e0013d2e0709507)] -> xpath: //input[@id='qty']]
2023-07-25 13:07:20 INFO  OvernightDufflePage :56 - Click on add to cart : [[ChromeDriver: chrome on windows (586afcd8e33a21eb2e0013d2e0709507)] -> xpath: //button[@id='product-addtocart-button']]
2023-07-25 13:07:119 INFO  OvernightDufflePage :62 - Get added to cart message : [[ChromeDriver: chrome on windows (586afcd8e33a21eb2e0013d2e0709507)] -> xpath: //span[@class='base']]
2023-07-25 13:07:204 INFO  GearPage :44 - Mouse hover on Over women menu : [[ChromeDriver: chrome on windows (13cf99bde4d383b2d703efe84864f366)] -> xpath: //span[normalize-space()='Women']]
2023-07-25 13:07:388 INFO  GearPage :50 - Mouse hover on Over women tops : [[ChromeDriver: chrome on windows (13cf99bde4d383b2d703efe84864f366)] -> xpath: //a[@id='ui-id-9']//span[contains(text(),'Tops')]]
2023-07-25 13:07:564 INFO  GearPage :56 - Mouse hover on Over women jackets and click : [[ChromeDriver: chrome on windows (13cf99bde4d383b2d703efe84864f366)] -> xpath: //a[@id='ui-id-11']//span[contains(text(),'Jackets')]]
2023-07-25 13:07:808 INFO  WomenPage :65 - Select sort by product name : [[ChromeDriver: chrome on windows (13cf99bde4d383b2d703efe84864f366)] -> xpath: (//select[@id='sorter'])[1]]
2023-07-25 13:07:884 INFO  GearPage :44 - Mouse hover on Over women menu : [[ChromeDriver: chrome on windows (22964fed70fcacb5c533dde27ddd70a7)] -> xpath: //span[normalize-space()='Women']]
2023-07-25 13:07:57 INFO  GearPage :50 - Mouse hover on Over women tops : [[ChromeDriver: chrome on windows (22964fed70fcacb5c533dde27ddd70a7)] -> xpath: //a[@id='ui-id-9']//span[contains(text(),'Tops')]]
2023-07-25 13:07:221 INFO  GearPage :56 - Mouse hover on Over women jackets and click : [[ChromeDriver: chrome on windows (22964fed70fcacb5c533dde27ddd70a7)] -> xpath: //a[@id='ui-id-11']//span[contains(text(),'Jackets')]]
2023-07-25 13:07:321 INFO  WomenPage :48 - Click on find jobs button[[ChromeDriver: chrome on windows (22964fed70fcacb5c533dde27ddd70a7)] -> xpath: (//select[@id='sorter'])[1]]
2023-07-25 13:07:565 INFO  WomenPage :96 - Select sort by product price : [[ChromeDriver: chrome on windows (22964fed70fcacb5c533dde27ddd70a7)] -> xpath: (//select[@id='sorter'])[1]]
2023-07-25 13:07:584 INFO  GearPage :81 - Mouse hover on Over gear Menu : [[ChromeDriver: chrome on windows (42846f6e4efd4ac610e5b451ddcaba50)] -> xpath: //span[normalize-space()='Gear']]
2023-07-25 13:07:783 INFO  GearPage :87 - Mouse hover on Over gear and click : [[ChromeDriver: chrome on windows (42846f6e4efd4ac610e5b451ddcaba50)] -> xpath: //span[normalize-space()='Gear']]
2023-07-25 13:07:907 INFO  GearPage :23 - Click on Over night duffele : [[ChromeDriver: chrome on windows (42846f6e4efd4ac610e5b451ddcaba50)] -> xpath: //a[normalize-space()='Overnight Duffle']]
2023-07-25 13:07:802 INFO  OvernightDufflePage :62 - Get added to cart message : [[ChromeDriver: chrome on windows (42846f6e4efd4ac610e5b451ddcaba50)] -> xpath: //span[normalize-space()='Add to Cart']]
2023-07-25 13:07:280 INFO  GearPage :44 - Mouse hover on Over women menu : [[ChromeDriver: chrome on windows (11ed0da8da799ce3ccf10dce8ddd6383)] -> xpath: //span[normalize-space()='Women']]
2023-07-25 13:07:428 INFO  GearPage :50 - Mouse hover on Over women tops : [[ChromeDriver: chrome on windows (11ed0da8da799ce3ccf10dce8ddd6383)] -> xpath: //a[@id='ui-id-9']//span[contains(text(),'Tops')]]
2023-07-25 13:07:598 INFO  GearPage :56 - Mouse hover on Over women jackets and click : [[ChromeDriver: chrome on windows (11ed0da8da799ce3ccf10dce8ddd6383)] -> xpath: //a[@id='ui-id-11']//span[contains(text(),'Jackets')]]
2023-07-25 13:07:674 INFO  WomenPage :65 - Select sort by product name : [[ChromeDriver: chrome on windows (11ed0da8da799ce3ccf10dce8ddd6383)] -> xpath: (//select[@id='sorter'])[1]]
2023-07-25 13:07:457 INFO  GearPage :44 - Mouse hover on Over women menu : [[ChromeDriver: chrome on windows (115113578d90298778524e0174db6bf3)] -> xpath: //span[normalize-space()='Women']]
2023-07-25 13:07:629 INFO  GearPage :50 - Mouse hover on Over women tops : [[ChromeDriver: chrome on windows (115113578d90298778524e0174db6bf3)] -> xpath: //a[@id='ui-id-9']//span[contains(text(),'Tops')]]
2023-07-25 13:07:777 INFO  GearPage :56 - Mouse hover on Over women jackets and click : [[ChromeDriver: chrome on windows (115113578d90298778524e0174db6bf3)] -> xpath: //a[@id='ui-id-11']//span[contains(text(),'Jackets')]]
2023-07-25 13:07:123 INFO  WomenPage :48 - Click on find jobs button[[ChromeDriver: chrome on windows (115113578d90298778524e0174db6bf3)] -> xpath: (//select[@id='sorter'])[1]]
2023-07-25 13:07:227 INFO  WomenPage :96 - Select sort by product price : [[ChromeDriver: chrome on windows (115113578d90298778524e0174db6bf3)] -> xpath: (//select[@id='sorter'])[1]]
2023-07-25 21:07:407 INFO  GearPage :44 - Mouse hover on Over women menu : [[ChromeDriver: chrome on windows (093eb053b97a9ec1313a033a341fe5e3)] -> xpath: //span[normalize-space()='Women']]
2023-07-25 21:07:567 INFO  GearPage :50 - Mouse hover on Over women tops : [[ChromeDriver: chrome on windows (093eb053b97a9ec1313a033a341fe5e3)] -> xpath: //a[@id='ui-id-9']//span[contains(text(),'Tops')]]
2023-07-25 21:07:717 INFO  GearPage :56 - Mouse hover on Over women jackets and click : [[ChromeDriver: chrome on windows (093eb053b97a9ec1313a033a341fe5e3)] -> xpath: //a[@id='ui-id-11']//span[contains(text(),'Jackets')]]
2023-07-25 21:07:520 INFO  WomenPage :65 - Select sort by product name : [[ChromeDriver: chrome on windows (093eb053b97a9ec1313a033a341fe5e3)] -> xpath: (//select[@id='sorter'])[1]]
